2021-05-06 17:10:22- INFO    - _internal.py- _log- 113-  * Restarting with stat
2021-05-06 17:10:23- WARNING - _internal.py- _log- 113-  * Debugger is active!
2021-05-06 17:10:23- INFO    - _internal.py- _log- 113-  * Debugger PIN: 102-071-962
2021-05-06 17:10:23- INFO    - _internal.py- _log- 113-  * Running on http://192.168.43.227:5000/ (Press CTRL+C to quit)
2021-05-06 17:10:23- INFO    - views.py- before_request- 12- Headers: Host: 192.168.43.227:5000
Connection: keep-alive
Upgrade-Insecure-Requests: 1
User-Agent: Mozilla/5.0 (Windows NT 10.0; Win64; x64) AppleWebKit/537.36 (KHTML, like Gecko) Chrome/90.0.4430.93 Safari/537.36
Accept: text/html,application/xhtml+xml,application/xml;q=0.9,image/avif,image/webp,image/apng,*/*;q=0.8,application/signed-exchange;v=b3;q=0.9
Accept-Encoding: gzip, deflate
Accept-Language: en-US,en;q=0.9


2021-05-06 17:10:23- INFO    - views.py- before_request- 13- Body: b''
2021-05-06 17:10:23- ERROR   - views.py- after_request- 37- [2021-May-06 17:10] 192.168.43.227 GET http /? 200 OK
2021-05-06 17:10:23- INFO    - _internal.py- _log- 113- 192.168.43.227 - - [06/May/2021 17:10:35] "[37mGET / HTTP/1.1[0m" 200 -
2021-05-06 17:10:23- INFO    - views.py- before_request- 12- Headers: Host: 192.168.43.227:5000
Connection: keep-alive
User-Agent: Mozilla/5.0 (Windows NT 10.0; Win64; x64) AppleWebKit/537.36 (KHTML, like Gecko) Chrome/90.0.4430.93 Safari/537.36
Accept: image/avif,image/webp,image/apng,image/svg+xml,image/*,*/*;q=0.8
Referer: http://192.168.43.227:5000/
Accept-Encoding: gzip, deflate
Accept-Language: en-US,en;q=0.9


2021-05-06 17:10:23- INFO    - views.py- before_request- 13- Body: b''
2021-05-06 17:10:23- ERROR   - views.py- exceptions- 51- [2021-May-06 17:10] 192.168.43.227 GET http /favicon.ico? 5xx INTERNAL SERVER ERROR
Traceback (most recent call last):
  File "C:\Users\Admin\AppData\Local\Programs\Python\Python37-32\lib\site-packages\flask\app.py", line 1949, in full_dispatch_request
    rv = self.dispatch_request()
  File "C:\Users\Admin\AppData\Local\Programs\Python\Python37-32\lib\site-packages\flask\app.py", line 1925, in dispatch_request
    self.raise_routing_exception(req)
  File "C:\Users\Admin\AppData\Local\Programs\Python\Python37-32\lib\site-packages\flask\app.py", line 1907, in raise_routing_exception
    raise request.routing_exception
  File "C:\Users\Admin\AppData\Local\Programs\Python\Python37-32\lib\site-packages\flask\ctx.py", line 350, in match_request
    result = self.url_adapter.match(return_rule=True)
  File "C:\Users\Admin\AppData\Local\Programs\Python\Python37-32\lib\site-packages\werkzeug\routing.py", line 1945, in match
    raise NotFound()
werkzeug.exceptions.NotFound: 404 Not Found: The requested URL was not found on the server. If you entered the URL manually please check your spelling and try again.

2021-05-06 17:10:23- INFO    - _internal.py- _log- 113- 192.168.43.227 - - [06/May/2021 17:10:35] "[35m[1mGET /favicon.ico HTTP/1.1[0m" 500 -
2021-05-06 17:10:23- INFO    - _internal.py- _log- 113-  * Detected change in 'C:\\Users\\Admin\\Desktop\\FB AD\\Project\\views.py', reloading
2021-05-06 17:10:22- INFO    - _internal.py- _log- 113-  * Restarting with stat
2021-05-06 17:14:21- WARNING - _internal.py- _log- 113-  * Debugger is active!
2021-05-06 17:14:21- INFO    - _internal.py- _log- 113-  * Debugger PIN: 102-071-962
2021-05-06 17:14:21- INFO    - _internal.py- _log- 113-  * Running on http://192.168.43.227:5000/ (Press CTRL+C to quit)
2021-05-06 17:14:26- INFO    - _internal.py- _log- 113-  * Restarting with stat
2021-05-06 17:14:26- WARNING - _internal.py- _log- 113-  * Debugger is active!
2021-05-06 17:14:26- INFO    - _internal.py- _log- 113-  * Debugger PIN: 102-071-962
2021-05-06 17:14:26- INFO    - _internal.py- _log- 113-  * Running on http://192.168.43.227:5000/ (Press CTRL+C to quit)
2021-05-06 17:14:26- INFO    - views.py- before_request- 14- Request Method: GET
2021-05-06 17:14:26- INFO    - views.py- before_request- 15- Request Route: /
2021-05-06 17:14:26- INFO    - views.py- before_request- 16- Request Inputs: ImmutableMultiDict([])
2021-05-06 17:14:26- ERROR   - views.py- after_request- 39- [2021-May-06 17:14] 192.168.43.227 GET http /? 200 OK
2021-05-06 17:14:26- INFO    - _internal.py- _log- 113- 192.168.43.227 - - [06/May/2021 17:14:30] "[37mGET / HTTP/1.1[0m" 200 -
2021-05-06 17:14:26- INFO    - views.py- before_request- 14- Request Method: GET
2021-05-06 17:14:26- INFO    - views.py- before_request- 15- Request Route: /favicon.ico
2021-05-06 17:14:26- INFO    - views.py- before_request- 16- Request Inputs: ImmutableMultiDict([])
2021-05-06 17:14:26- ERROR   - views.py- exceptions- 53- [2021-May-06 17:14] 192.168.43.227 GET http /favicon.ico? 5xx INTERNAL SERVER ERROR
Traceback (most recent call last):
  File "C:\Users\Admin\AppData\Local\Programs\Python\Python37-32\lib\site-packages\flask\app.py", line 1949, in full_dispatch_request
    rv = self.dispatch_request()
  File "C:\Users\Admin\AppData\Local\Programs\Python\Python37-32\lib\site-packages\flask\app.py", line 1925, in dispatch_request
    self.raise_routing_exception(req)
  File "C:\Users\Admin\AppData\Local\Programs\Python\Python37-32\lib\site-packages\flask\app.py", line 1907, in raise_routing_exception
    raise request.routing_exception
  File "C:\Users\Admin\AppData\Local\Programs\Python\Python37-32\lib\site-packages\flask\ctx.py", line 350, in match_request
    result = self.url_adapter.match(return_rule=True)
  File "C:\Users\Admin\AppData\Local\Programs\Python\Python37-32\lib\site-packages\werkzeug\routing.py", line 1945, in match
    raise NotFound()
werkzeug.exceptions.NotFound: 404 Not Found: The requested URL was not found on the server. If you entered the URL manually please check your spelling and try again.

2021-05-06 17:14:26- INFO    - _internal.py- _log- 113- 192.168.43.227 - - [06/May/2021 17:14:30] "[35m[1mGET /favicon.ico HTTP/1.1[0m" 500 -
2021-05-06 17:14:26- INFO    - _internal.py- _log- 113-  * Detected change in 'C:\\Users\\Admin\\Desktop\\FB AD\\Project\\views.py', reloading
2021-05-06 17:14:26- INFO    - _internal.py- _log- 113-  * Restarting with stat
2021-05-06 17:16:20- WARNING - _internal.py- _log- 113-  * Debugger is active!
2021-05-06 17:16:20- INFO    - _internal.py- _log- 113-  * Debugger PIN: 102-071-962
2021-05-06 17:16:20- INFO    - _internal.py- _log- 113-  * Running on http://192.168.43.227:5000/ (Press CTRL+C to quit)
2021-05-06 17:16:20- INFO    - _internal.py- _log- 113-  * Detected change in 'C:\\Users\\Admin\\Desktop\\FB AD\\Project\\views.py', reloading
2021-05-06 17:14:26- INFO    - _internal.py- _log- 113-  * Restarting with stat
2021-05-06 17:46:26- WARNING - _internal.py- _log- 113-  * Debugger is active!
2021-05-06 17:46:26- INFO    - _internal.py- _log- 113-  * Debugger PIN: 102-071-962
2021-05-06 17:46:26- INFO    - _internal.py- _log- 113-  * Running on http://192.168.43.227:5000/ (Press CTRL+C to quit)
2021-05-06 17:46:26- INFO    - _internal.py- _log- 113-  * Detected change in 'C:\\Users\\Admin\\Desktop\\FB AD\\Project\\views.py', reloading
2021-05-06 17:14:26- INFO    - _internal.py- _log- 113-  * Restarting with stat
2021-05-06 17:46:37- WARNING - _internal.py- _log- 113-  * Debugger is active!
2021-05-06 17:46:37- INFO    - _internal.py- _log- 113-  * Debugger PIN: 102-071-962
2021-05-06 17:46:37- INFO    - _internal.py- _log- 113-  * Running on http://192.168.43.227:5000/ (Press CTRL+C to quit)
2021-05-06 17:46:37- INFO    - _internal.py- _log- 113-  * Detected change in 'C:\\Users\\Admin\\Desktop\\FB AD\\Project\\views.py', reloading
2021-05-06 17:14:26- INFO    - _internal.py- _log- 113-  * Restarting with stat
2021-05-06 18:21:53- WARNING - _internal.py- _log- 113-  * Debugger is active!
2021-05-06 18:21:53- INFO    - _internal.py- _log- 113-  * Debugger PIN: 102-071-962
2021-05-06 18:21:53- INFO    - _internal.py- _log- 113-  * Running on http://192.168.43.227:5000/ (Press CTRL+C to quit)
2021-05-06 18:21:53- INFO    - _internal.py- _log- 113-  * Detected change in 'C:\\Users\\Admin\\Desktop\\FB AD\\Project\\views.py', reloading
2021-05-06 17:14:26- INFO    - _internal.py- _log- 113-  * Restarting with stat
2021-05-06 18:42:12- DEBUG   - __init__.py- wrapper- 276- $HOME=C:\Users\Admin
2021-05-06 18:42:12- DEBUG   - __init__.py- wrapper- 276- CONFIGDIR=C:\Users\Admin\.matplotlib
2021-05-06 18:42:12- DEBUG   - __init__.py- wrapper- 276- matplotlib data path: C:\Users\Admin\AppData\Local\Programs\Python\Python37-32\lib\site-packages\matplotlib\mpl-data
2021-05-06 18:42:12- DEBUG   - __init__.py- rc_params_from_file- 1009- loaded rc file C:\Users\Admin\AppData\Local\Programs\Python\Python37-32\lib\site-packages\matplotlib\mpl-data\matplotlibrc
2021-05-06 18:42:12- DEBUG   - __init__.py- <module>- 1646- matplotlib version 3.1.1
2021-05-06 18:42:12- DEBUG   - __init__.py- <module>- 1647- interactive is False
2021-05-06 18:42:12- DEBUG   - __init__.py- <module>- 1648- platform is win32
2021-05-06 18:42:12- DEBUG   - __init__.py- <module>- 1649- loaded modules: ['sys', 'builtins', '_frozen_importlib', '_imp', '_thread', '_warnings', '_weakref', 'zipimport', '_frozen_importlib_external', '_io', 'marshal', 'nt', 'winreg', 'encodings', 'codecs', '_codecs', 'encodings.aliases', 'encodings.utf_8', '_signal', '__main__', 'encodings.latin_1', 'io', 'abc', '_abc', 'site', 'os', 'stat', '_stat', '_collections_abc', 'ntpath', 'genericpath', 'os.path', '_sitebuiltins', '_bootlocale', '_locale', 'encodings.cp1252', 'types', 'importlib', 'importlib._bootstrap', 'importlib._bootstrap_external', 'warnings', 'importlib.util', 'importlib.abc', 'importlib.machinery', 'contextlib', 'collections', 'operator', '_operator', 'keyword', 'heapq', '_heapq', 'itertools', 'reprlib', '_collections', 'functools', '_functools', 'mpl_toolkits', 'google', 'pywin32_bootstrap', 'zope', 'Project', 'flask', 'jinja2', 'jinja2.environment', 'weakref', '_weakrefset', 'jinja2.nodes', 'jinja2.utils', 're', 'enum', 'sre_compile', '_sre', 'sre_parse', 'sre_constants', 'copyreg', 'json', 'json.decoder', 'json.scanner', '_json', 'json.encoder', 'errno', 'threading', 'time', 'traceback', 'linecache', 'tokenize', 'token', 'jinja2._compat', 'pickle', 'struct', '_struct', '_compat_pickle', '_pickle', 'urllib', 'urllib.parse', 'markupsafe', 'string', '_string', 'markupsafe._compat', 'collections.abc', 'markupsafe._speedups', 'jinja2.defaults', 'jinja2.filters', 'math', 'random', 'hashlib', '_hashlib', '_blake2', '_sha3', 'bisect', '_bisect', '_random', 'jinja2.runtime', 'jinja2.exceptions', 'jinja2.tests', 'decimal', 'numbers', '_decimal', 'jinja2.lexer', 'unicodedata', 'jinja2.parser', 'jinja2.compiler', 'copy', 'jinja2.visitor', 'jinja2.optimizer', 'jinja2.idtracking', '__future__', 'jinja2.loaders', 'jinja2.bccache', 'tempfile', 'shutil', 'fnmatch', 'posixpath', 'zlib', 'bz2', '_compression', '_bz2', 'lzma', '_lzma', 'jinja2.asyncsupport', 'asyncio', 'asyncio.base_events', 'concurrent', 'concurrent.futures', 'concurrent.futures._base', 'logging', 'atexit', 'socket', '_socket', 'selectors', 'select', 'subprocess', 'signal', 'msvcrt', '_winapi', 'ssl', '_ssl', 'base64', 'binascii', 'asyncio.constants', 'asyncio.coroutines', 'inspect', 'dis', 'opcode', '_opcode', 'asyncio.base_futures', 'asyncio.format_helpers', 'asyncio.log', 'asyncio.events', 'contextvars', '_contextvars', 'asyncio.base_tasks', '_asyncio', 'asyncio.futures', 'asyncio.protocols', 'asyncio.sslproto', 'asyncio.transports', 'asyncio.tasks', 'asyncio.locks', 'asyncio.runners', 'asyncio.queues', 'asyncio.streams', 'asyncio.subprocess', 'asyncio.windows_events', '_overlapped', 'asyncio.base_subprocess', 'asyncio.proactor_events', 'asyncio.selector_events', 'asyncio.windows_utils', 'jinja2.asyncfilters', 'werkzeug', 'werkzeug.serving', 'datetime', '_datetime', 'werkzeug._compat', 'werkzeug._internal', 'werkzeug.exceptions', 'werkzeug.utils', 'pkgutil', 'html', 'html.entities', 'werkzeug.urls', 'socketserver', 'http', 'http.server', 'email', 'email.utils', 'email._parseaddr', 'calendar', 'locale', 'email.charset', 'email.base64mime', 'email.quoprimime', 'email.errors', 'email.encoders', 'quopri', 'http.client', 'email.parser', 'email.feedparser', 'email._policybase', 'email.header', 'email.message', 'uu', 'email._encoded_words', 'email.iterators', 'mimetypes', 'click', 'click.core', 'click.types', 'click._compat', 'click._winconsole', 'ctypes', '_ctypes', 'ctypes._endian', 'ctypes.wintypes', 'colorama', 'colorama.initialise', 'colorama.ansitowin32', 'colorama.ansi', 'colorama.winterm', 'colorama.win32', 'click.exceptions', 'click.utils', 'click.globals', 'click.termui', 'click.formatting', 'click.parser', 'click._unicodefun', 'click.decorators', 'werkzeug.test', 'werkzeug.datastructures', 'werkzeug.filesystem', 'werkzeug.http', 'urllib.request', 'urllib.error', 'urllib.response', 'nturl2path', 'werkzeug.wrappers', 'werkzeug.wrappers.accept', 'werkzeug.wrappers.auth', 'werkzeug.wrappers.base_request', 'werkzeug.formparser', 'werkzeug.wsgi', 'werkzeug.wrappers.base_response', 'werkzeug.wrappers.common_descriptors', 'werkzeug.wrappers.etag', 'werkzeug.wrappers.request', 'werkzeug.wrappers.cors', 'werkzeug.wrappers.user_agent', 'werkzeug.useragents', 'werkzeug.wrappers.response', 'http.cookiejar', 'flask.json', 'uuid', 'itsdangerous', 'itsdangerous._json', 'simplejson', 'simplejson.errors', 'simplejson.raw_json', 'simplejson.decoder', 'simplejson.compat', 'simplejson.scanner', 'simplejson._speedups', 'simplejson.encoder', 'itsdangerous.encoding', 'itsdangerous._compat', 'hmac', 'itsdangerous.exc', 'itsdangerous.jws', 'itsdangerous.serializer', 'itsdangerous.signer', 'itsdangerous.timed', 'itsdangerous.url_safe', 'flask._compat', 'flask.globals', 'werkzeug.local', 'dataclasses', 'flask.app', 'werkzeug.routing', 'ast', '_ast', 'difflib', 'pprint', 'flask.cli', 'platform', 'flask.helpers', 'flask.signals', 'dotenv', 'dotenv.compat', 'typing', 'typing.io', 'typing.re', 'dotenv.main', 'dotenv.parser', 'flask.config', 'flask.ctx', 'flask.logging', 'flask.sessions', 'flask.json.tag', 'flask.templating', 'flask.wrappers', 'werkzeug.wrappers.json', 'flask.blueprints', 'flask_cors', 'flask_cors.decorator', 'flask_cors.core', 'six', 'flask_cors.extension', 'flask_cors.version', 'Project.views', 'Project.logger', 'pytz', 'pytz.exceptions', 'pytz.lazy', 'pytz.tzinfo', 'pytz.tzfile', '_strptime', 'Project.models', 'pandas', 'numpy', 'numpy._globals', 'numpy.__config__', 'numpy.version', 'numpy._distributor_init', 'numpy.core', 'numpy.core.info', 'glob', 'numpy.core.multiarray', 'numpy.core.overrides', 'numpy.core._multiarray_umath', 'numpy.compat', 'numpy.compat._inspect', 'numpy.compat.py3k', 'pathlib', 'numpy.core.umath', 'numpy.core.numerictypes', 'numpy.core._string_helpers', 'numpy.core._type_aliases', 'numpy.core._dtype', 'numpy.core.numeric', 'numpy.core._internal', 'numpy.core.fromnumeric', 'numpy.core._methods', 'numpy.core.arrayprint', 'numpy.core.defchararray', 'numpy.core.records', 'numpy.core.memmap', 'numpy.core.function_base', 'numpy.core.machar', 'numpy.core.getlimits', 'numpy.core.shape_base', 'numpy.core.einsumfunc', 'numpy.core._add_newdocs', 'numpy.core._multiarray_tests', 'numpy.core._dtype_ctypes', 'numpy._pytesttester', 'numpy.lib', 'numpy.lib.info', 'numpy.lib.type_check', 'numpy.lib.ufunclike', 'numpy.lib.index_tricks', 'numpy.matrixlib', 'numpy.matrixlib.defmatrix', 'numpy.linalg', 'numpy.linalg.info', 'numpy.linalg.linalg', 'numpy.lib.twodim_base', 'numpy.linalg.lapack_lite', 'numpy.linalg._umath_linalg', 'numpy.lib.function_base', 'numpy.lib.utils', 'numpy.lib.histograms', 'numpy.lib.stride_tricks', 'numpy.lib.mixins', 'numpy.lib.nanfunctions', 'numpy.lib.shape_base', 'numpy.lib.scimath', 'numpy.lib.polynomial', 'numpy.lib.arraysetops', 'numpy.lib.npyio', 'numpy.lib.format', 'numpy.lib._datasource', 'numpy.lib._iotools', 'numpy.lib.financial', 'numpy.lib.arrayterator', 'numpy.lib.arraypad', 'numpy.lib._version', 'numpy.fft', 'numpy.fft.info', 'numpy.fft.fftpack', 'numpy.fft.fftpack_lite', 'numpy.fft.helper', 'numpy.polynomial', 'numpy.polynomial.polynomial', 'numpy.polynomial.polyutils', 'numpy.polynomial._polybase', 'numpy.polynomial.chebyshev', 'numpy.polynomial.legendre', 'numpy.polynomial.hermite', 'numpy.polynomial.hermite_e', 'numpy.polynomial.laguerre', 'numpy.random', 'numpy.random.mtrand', 'cython_runtime', 'mtrand', 'numpy.ctypeslib', 'numpy.ma', 'numpy.ma.core', 'textwrap', 'numpy.ma.extras', 'numpy.testing', 'unittest', 'unittest.result', 'unittest.util', 'unittest.case', 'unittest.suite', 'unittest.loader', 'unittest.main', 'argparse', 'gettext', 'unittest.runner', 'unittest.signals', 'numpy.testing._private', 'numpy.testing._private.utils', 'gc', 'numpy.testing._private.decorators', 'numpy.testing._private.nosetester', 'dateutil', 'dateutil._version', 'pandas.compat', 'pandas.compat.numpy', 'distutils', 'distutils.version', 'pandas._libs', 'pandas._libs.tslibs', 'pandas._libs.tslibs.conversion', 'pandas._libs.tslibs.c_timestamp', 'pandas._libs.tslibs.nattype', '_cython_0_29_12', 'pandas._libs.tslibs.np_datetime', 'pandas._libs.tslibs.timezones', 'dateutil.tz', 'dateutil.tz.tz', 'six.moves', 'dateutil.tz._common', 'dateutil.tz._factories', 'dateutil.tz.win', 'pandas._libs.tslibs.tzconversion', 'pandas._libs.tslibs.timedeltas', 'pandas._libs.tslibs.offsets', 'pandas._libs.tslibs.ccalendar', 'pandas._config', 'pandas._config.config', 'pandas._config.dates', 'pandas._config.display', 'pandas._config.localization', 'pandas._libs.tslibs.strptime', 'dateutil.relativedelta', 'dateutil._common', 'pandas._libs.tslibs.fields', 'pandas._libs.tslibs.parsing', 'dateutil.parser', 'dateutil.parser._parser', 'dateutil.parser.isoparser', 'pandas._libs.tslibs.period', 'pandas._libs.tslibs.frequencies', 'pandas._libs.tslibs.timestamps', 'pandas._libs.tslibs.resolution', 'pandas._libs.hashtable', 'pandas._libs.missing', 'pandas._libs.lib', 'fractions', 'pandas._libs.tslib', 'pandas.core', 'pandas.core.config_init', 'pandas.core.api', 'pandas.core.arrays', 'pandas.core.arrays.array_', 'pandas.core.dtypes', 'pandas.core.dtypes.common', 'pandas._libs.algos', 'pandas.core.dtypes.dtypes', 'pandas._libs.interval', 'pandas.core.dtypes.generic', 'pandas.core.dtypes.base', 'pandas.errors', 'pandas.core.dtypes.inference', 'pandas._typing', 'pandas.core.arrays.base', 'pandas.compat.numpy.function', 'pandas.util', 'pandas.util._decorators', 'pandas._libs.properties', 'pandas.core.util', 'pandas.core.util.hashing', 'pandas._libs.hashing', 'pandas.core.dtypes.cast', 'pandas.core.dtypes.missing', 'pandas.util._validators', 'pandas.core.ops', 'pandas._libs.ops', 'pandas.core.common', 'pandas.core.ops.missing', 'pandas.core.ops.roperator', 'pandas.core.ops.docstrings', 'pandas.core.sorting', 'pandas.core.algorithms', 'pandas.core.indexers', 'pandas.core.arrays.categorical', 'pandas.core.accessor', 'pandas.core.base', 'pandas.core.nanops', 'pandas.compat._optional', 'pandas.core.missing', 'pandas.io', 'pandas.io.formats', 'pandas.io.formats.console', 'pandas.core.arrays.datetimes', 'pandas.core.arrays.datetimelike', 'pandas.tseries', 'pandas.tseries.frequencies', 'pandas.tseries.offsets', 'dateutil.easter', 'pandas.core.tools', 'pandas.core.tools.datetimes', 'pandas.core.arrays._ranges', 'pandas.core.arrays.integer', 'pandas.core.tools.numeric', 'pandas.core.arrays.interval', 'pandas.core.indexes', 'pandas.core.indexes.base', 'pandas._libs.index', 'pandas._libs.join', 'pandas.core.dtypes.concat', 'pandas.core.indexes.frozen', 'pandas.io.formats.printing', 'pandas.core.strings', 'pandas.core.arrays.numpy_', 'pandas.core.arrays.period', 'pandas.core.arrays.sparse', 'pandas._libs.sparse', 'pandas.core.arrays.timedeltas', 'pandas.core.groupby', 'pandas.core.groupby.generic', 'pandas.core.frame', 'pandas.core.generic', 'pandas.core.index', 'pandas.core.indexes.api', 'pandas.core.indexes.category', 'pandas.core.indexes.datetimes', 'pandas.core.indexes.datetimelike', 'pandas.core.tools.timedeltas', 'pandas.core.indexes.numeric', 'pandas.core.indexes.interval', 'pandas.util._exceptions', 'pandas.core.indexes.multi', 'pandas.core.indexes.timedeltas', 'pandas.core.indexes.period', 'pandas.core.indexes.range', 'pandas.core.indexing', 'pandas._libs.indexing', 'pandas.core.internals', 'pandas.core.internals.blocks', 'pandas._libs.internals', 'pandas.core.internals.arrays', 'pandas.core.internals.managers', 'pandas.core.internals.concat', 'pandas.io.formats.format', 'pandas.io.common', 'csv', '_csv', 'gzip', 'mmap', 'zipfile', 'pandas.core.internals.construction', 'pandas.core.series', 'pandas._libs.reshape', 'pandas.core.indexes.accessors', 'pandas.plotting', 'pandas.plotting._core', 'pandas.plotting._matplotlib', 'pandas.plotting._matplotlib.boxplot', 'matplotlib', 'matplotlib.cbook', 'matplotlib.cbook.deprecation', 'matplotlib.rcsetup', 'matplotlib.fontconfig_pattern', 'pyparsing', 'matplotlib.colors', 'matplotlib._color_data', 'cycler', 'matplotlib._version', 'matplotlib.ft2font', 'kiwisolver']
2021-05-06 18:42:12- DEBUG   - __init__.py- wrapper- 276- CACHEDIR=C:\Users\Admin\.matplotlib
2021-05-06 18:42:12- DEBUG   - font_manager.py- <module>- 1360- Using fontManager instance from C:\Users\Admin\.matplotlib\fontlist-v310.json
2021-05-06 18:42:12- INFO    - _internal.py- _log- 113-  * Restarting with stat
2021-05-06 18:42:14- DEBUG   - __init__.py- wrapper- 276- $HOME=C:\Users\Admin
2021-05-06 18:42:14- DEBUG   - __init__.py- wrapper- 276- CONFIGDIR=C:\Users\Admin\.matplotlib
2021-05-06 18:42:14- DEBUG   - __init__.py- wrapper- 276- matplotlib data path: C:\Users\Admin\AppData\Local\Programs\Python\Python37-32\lib\site-packages\matplotlib\mpl-data
2021-05-06 18:42:14- DEBUG   - __init__.py- rc_params_from_file- 1009- loaded rc file C:\Users\Admin\AppData\Local\Programs\Python\Python37-32\lib\site-packages\matplotlib\mpl-data\matplotlibrc
2021-05-06 18:42:14- DEBUG   - __init__.py- <module>- 1646- matplotlib version 3.1.1
2021-05-06 18:42:14- DEBUG   - __init__.py- <module>- 1647- interactive is False
2021-05-06 18:42:14- DEBUG   - __init__.py- <module>- 1648- platform is win32
2021-05-06 18:42:14- DEBUG   - __init__.py- <module>- 1649- loaded modules: ['sys', 'builtins', '_frozen_importlib', '_imp', '_thread', '_warnings', '_weakref', 'zipimport', '_frozen_importlib_external', '_io', 'marshal', 'nt', 'winreg', 'encodings', 'codecs', '_codecs', 'encodings.aliases', 'encodings.utf_8', '_signal', '__main__', 'encodings.latin_1', 'io', 'abc', '_abc', 'site', 'os', 'stat', '_stat', '_collections_abc', 'ntpath', 'genericpath', 'os.path', '_sitebuiltins', '_bootlocale', '_locale', 'encodings.cp1252', 'types', 'importlib', 'importlib._bootstrap', 'importlib._bootstrap_external', 'warnings', 'importlib.util', 'importlib.abc', 'importlib.machinery', 'contextlib', 'collections', 'operator', '_operator', 'keyword', 'heapq', '_heapq', 'itertools', 'reprlib', '_collections', 'functools', '_functools', 'mpl_toolkits', 'google', 'pywin32_bootstrap', 'zope', 'Project', 'flask', 'jinja2', 'jinja2.environment', 'weakref', '_weakrefset', 'jinja2.nodes', 'jinja2.utils', 're', 'enum', 'sre_compile', '_sre', 'sre_parse', 'sre_constants', 'copyreg', 'json', 'json.decoder', 'json.scanner', '_json', 'json.encoder', 'errno', 'threading', 'time', 'traceback', 'linecache', 'tokenize', 'token', 'jinja2._compat', 'pickle', 'struct', '_struct', '_compat_pickle', '_pickle', 'urllib', 'urllib.parse', 'markupsafe', 'string', '_string', 'markupsafe._compat', 'collections.abc', 'markupsafe._speedups', 'jinja2.defaults', 'jinja2.filters', 'math', 'random', 'hashlib', '_hashlib', '_blake2', '_sha3', 'bisect', '_bisect', '_random', 'jinja2.runtime', 'jinja2.exceptions', 'jinja2.tests', 'decimal', 'numbers', '_decimal', 'jinja2.lexer', 'unicodedata', 'jinja2.parser', 'jinja2.compiler', 'copy', 'jinja2.visitor', 'jinja2.optimizer', 'jinja2.idtracking', '__future__', 'jinja2.loaders', 'jinja2.bccache', 'tempfile', 'shutil', 'fnmatch', 'posixpath', 'zlib', 'bz2', '_compression', '_bz2', 'lzma', '_lzma', 'jinja2.asyncsupport', 'asyncio', 'asyncio.base_events', 'concurrent', 'concurrent.futures', 'concurrent.futures._base', 'logging', 'atexit', 'socket', '_socket', 'selectors', 'select', 'subprocess', 'signal', 'msvcrt', '_winapi', 'ssl', '_ssl', 'base64', 'binascii', 'asyncio.constants', 'asyncio.coroutines', 'inspect', 'dis', 'opcode', '_opcode', 'asyncio.base_futures', 'asyncio.format_helpers', 'asyncio.log', 'asyncio.events', 'contextvars', '_contextvars', 'asyncio.base_tasks', '_asyncio', 'asyncio.futures', 'asyncio.protocols', 'asyncio.sslproto', 'asyncio.transports', 'asyncio.tasks', 'asyncio.locks', 'asyncio.runners', 'asyncio.queues', 'asyncio.streams', 'asyncio.subprocess', 'asyncio.windows_events', '_overlapped', 'asyncio.base_subprocess', 'asyncio.proactor_events', 'asyncio.selector_events', 'asyncio.windows_utils', 'jinja2.asyncfilters', 'werkzeug', 'werkzeug.serving', 'datetime', '_datetime', 'werkzeug._compat', 'werkzeug._internal', 'werkzeug.exceptions', 'werkzeug.utils', 'pkgutil', 'html', 'html.entities', 'werkzeug.urls', 'socketserver', 'http', 'http.server', 'email', 'email.utils', 'email._parseaddr', 'calendar', 'locale', 'email.charset', 'email.base64mime', 'email.quoprimime', 'email.errors', 'email.encoders', 'quopri', 'http.client', 'email.parser', 'email.feedparser', 'email._policybase', 'email.header', 'email.message', 'uu', 'email._encoded_words', 'email.iterators', 'mimetypes', 'click', 'click.core', 'click.types', 'click._compat', 'click._winconsole', 'ctypes', '_ctypes', 'ctypes._endian', 'ctypes.wintypes', 'colorama', 'colorama.initialise', 'colorama.ansitowin32', 'colorama.ansi', 'colorama.winterm', 'colorama.win32', 'click.exceptions', 'click.utils', 'click.globals', 'click.termui', 'click.formatting', 'click.parser', 'click._unicodefun', 'click.decorators', 'werkzeug.test', 'werkzeug.datastructures', 'werkzeug.filesystem', 'werkzeug.http', 'urllib.request', 'urllib.error', 'urllib.response', 'nturl2path', 'werkzeug.wrappers', 'werkzeug.wrappers.accept', 'werkzeug.wrappers.auth', 'werkzeug.wrappers.base_request', 'werkzeug.formparser', 'werkzeug.wsgi', 'werkzeug.wrappers.base_response', 'werkzeug.wrappers.common_descriptors', 'werkzeug.wrappers.etag', 'werkzeug.wrappers.request', 'werkzeug.wrappers.cors', 'werkzeug.wrappers.user_agent', 'werkzeug.useragents', 'werkzeug.wrappers.response', 'http.cookiejar', 'flask.json', 'uuid', 'itsdangerous', 'itsdangerous._json', 'simplejson', 'simplejson.errors', 'simplejson.raw_json', 'simplejson.decoder', 'simplejson.compat', 'simplejson.scanner', 'simplejson._speedups', 'simplejson.encoder', 'itsdangerous.encoding', 'itsdangerous._compat', 'hmac', 'itsdangerous.exc', 'itsdangerous.jws', 'itsdangerous.serializer', 'itsdangerous.signer', 'itsdangerous.timed', 'itsdangerous.url_safe', 'flask._compat', 'flask.globals', 'werkzeug.local', 'dataclasses', 'flask.app', 'werkzeug.routing', 'ast', '_ast', 'difflib', 'pprint', 'flask.cli', 'platform', 'flask.helpers', 'flask.signals', 'dotenv', 'dotenv.compat', 'typing', 'typing.io', 'typing.re', 'dotenv.main', 'dotenv.parser', 'flask.config', 'flask.ctx', 'flask.logging', 'flask.sessions', 'flask.json.tag', 'flask.templating', 'flask.wrappers', 'werkzeug.wrappers.json', 'flask.blueprints', 'flask_cors', 'flask_cors.decorator', 'flask_cors.core', 'six', 'flask_cors.extension', 'flask_cors.version', 'Project.views', 'Project.logger', 'pytz', 'pytz.exceptions', 'pytz.lazy', 'pytz.tzinfo', 'pytz.tzfile', '_strptime', 'Project.models', 'pandas', 'numpy', 'numpy._globals', 'numpy.__config__', 'numpy.version', 'numpy._distributor_init', 'numpy.core', 'numpy.core.info', 'glob', 'numpy.core.multiarray', 'numpy.core.overrides', 'numpy.core._multiarray_umath', 'numpy.compat', 'numpy.compat._inspect', 'numpy.compat.py3k', 'pathlib', 'numpy.core.umath', 'numpy.core.numerictypes', 'numpy.core._string_helpers', 'numpy.core._type_aliases', 'numpy.core._dtype', 'numpy.core.numeric', 'numpy.core._internal', 'numpy.core.fromnumeric', 'numpy.core._methods', 'numpy.core.arrayprint', 'numpy.core.defchararray', 'numpy.core.records', 'numpy.core.memmap', 'numpy.core.function_base', 'numpy.core.machar', 'numpy.core.getlimits', 'numpy.core.shape_base', 'numpy.core.einsumfunc', 'numpy.core._add_newdocs', 'numpy.core._multiarray_tests', 'numpy.core._dtype_ctypes', 'numpy._pytesttester', 'numpy.lib', 'numpy.lib.info', 'numpy.lib.type_check', 'numpy.lib.ufunclike', 'numpy.lib.index_tricks', 'numpy.matrixlib', 'numpy.matrixlib.defmatrix', 'numpy.linalg', 'numpy.linalg.info', 'numpy.linalg.linalg', 'numpy.lib.twodim_base', 'numpy.linalg.lapack_lite', 'numpy.linalg._umath_linalg', 'numpy.lib.function_base', 'numpy.lib.utils', 'numpy.lib.histograms', 'numpy.lib.stride_tricks', 'numpy.lib.mixins', 'numpy.lib.nanfunctions', 'numpy.lib.shape_base', 'numpy.lib.scimath', 'numpy.lib.polynomial', 'numpy.lib.arraysetops', 'numpy.lib.npyio', 'numpy.lib.format', 'numpy.lib._datasource', 'numpy.lib._iotools', 'numpy.lib.financial', 'numpy.lib.arrayterator', 'numpy.lib.arraypad', 'numpy.lib._version', 'numpy.fft', 'numpy.fft.info', 'numpy.fft.fftpack', 'numpy.fft.fftpack_lite', 'numpy.fft.helper', 'numpy.polynomial', 'numpy.polynomial.polynomial', 'numpy.polynomial.polyutils', 'numpy.polynomial._polybase', 'numpy.polynomial.chebyshev', 'numpy.polynomial.legendre', 'numpy.polynomial.hermite', 'numpy.polynomial.hermite_e', 'numpy.polynomial.laguerre', 'numpy.random', 'numpy.random.mtrand', 'cython_runtime', 'mtrand', 'numpy.ctypeslib', 'numpy.ma', 'numpy.ma.core', 'textwrap', 'numpy.ma.extras', 'numpy.testing', 'unittest', 'unittest.result', 'unittest.util', 'unittest.case', 'unittest.suite', 'unittest.loader', 'unittest.main', 'argparse', 'gettext', 'unittest.runner', 'unittest.signals', 'numpy.testing._private', 'numpy.testing._private.utils', 'gc', 'numpy.testing._private.decorators', 'numpy.testing._private.nosetester', 'dateutil', 'dateutil._version', 'pandas.compat', 'pandas.compat.numpy', 'distutils', 'distutils.version', 'pandas._libs', 'pandas._libs.tslibs', 'pandas._libs.tslibs.conversion', 'pandas._libs.tslibs.c_timestamp', 'pandas._libs.tslibs.nattype', '_cython_0_29_12', 'pandas._libs.tslibs.np_datetime', 'pandas._libs.tslibs.timezones', 'dateutil.tz', 'dateutil.tz.tz', 'six.moves', 'dateutil.tz._common', 'dateutil.tz._factories', 'dateutil.tz.win', 'pandas._libs.tslibs.tzconversion', 'pandas._libs.tslibs.timedeltas', 'pandas._libs.tslibs.offsets', 'pandas._libs.tslibs.ccalendar', 'pandas._config', 'pandas._config.config', 'pandas._config.dates', 'pandas._config.display', 'pandas._config.localization', 'pandas._libs.tslibs.strptime', 'dateutil.relativedelta', 'dateutil._common', 'pandas._libs.tslibs.fields', 'pandas._libs.tslibs.parsing', 'dateutil.parser', 'dateutil.parser._parser', 'dateutil.parser.isoparser', 'pandas._libs.tslibs.period', 'pandas._libs.tslibs.frequencies', 'pandas._libs.tslibs.timestamps', 'pandas._libs.tslibs.resolution', 'pandas._libs.hashtable', 'pandas._libs.missing', 'pandas._libs.lib', 'fractions', 'pandas._libs.tslib', 'pandas.core', 'pandas.core.config_init', 'pandas.core.api', 'pandas.core.arrays', 'pandas.core.arrays.array_', 'pandas.core.dtypes', 'pandas.core.dtypes.common', 'pandas._libs.algos', 'pandas.core.dtypes.dtypes', 'pandas._libs.interval', 'pandas.core.dtypes.generic', 'pandas.core.dtypes.base', 'pandas.errors', 'pandas.core.dtypes.inference', 'pandas._typing', 'pandas.core.arrays.base', 'pandas.compat.numpy.function', 'pandas.util', 'pandas.util._decorators', 'pandas._libs.properties', 'pandas.core.util', 'pandas.core.util.hashing', 'pandas._libs.hashing', 'pandas.core.dtypes.cast', 'pandas.core.dtypes.missing', 'pandas.util._validators', 'pandas.core.ops', 'pandas._libs.ops', 'pandas.core.common', 'pandas.core.ops.missing', 'pandas.core.ops.roperator', 'pandas.core.ops.docstrings', 'pandas.core.sorting', 'pandas.core.algorithms', 'pandas.core.indexers', 'pandas.core.arrays.categorical', 'pandas.core.accessor', 'pandas.core.base', 'pandas.core.nanops', 'pandas.compat._optional', 'pandas.core.missing', 'pandas.io', 'pandas.io.formats', 'pandas.io.formats.console', 'pandas.core.arrays.datetimes', 'pandas.core.arrays.datetimelike', 'pandas.tseries', 'pandas.tseries.frequencies', 'pandas.tseries.offsets', 'dateutil.easter', 'pandas.core.tools', 'pandas.core.tools.datetimes', 'pandas.core.arrays._ranges', 'pandas.core.arrays.integer', 'pandas.core.tools.numeric', 'pandas.core.arrays.interval', 'pandas.core.indexes', 'pandas.core.indexes.base', 'pandas._libs.index', 'pandas._libs.join', 'pandas.core.dtypes.concat', 'pandas.core.indexes.frozen', 'pandas.io.formats.printing', 'pandas.core.strings', 'pandas.core.arrays.numpy_', 'pandas.core.arrays.period', 'pandas.core.arrays.sparse', 'pandas._libs.sparse', 'pandas.core.arrays.timedeltas', 'pandas.core.groupby', 'pandas.core.groupby.generic', 'pandas.core.frame', 'pandas.core.generic', 'pandas.core.index', 'pandas.core.indexes.api', 'pandas.core.indexes.category', 'pandas.core.indexes.datetimes', 'pandas.core.indexes.datetimelike', 'pandas.core.tools.timedeltas', 'pandas.core.indexes.numeric', 'pandas.core.indexes.interval', 'pandas.util._exceptions', 'pandas.core.indexes.multi', 'pandas.core.indexes.timedeltas', 'pandas.core.indexes.period', 'pandas.core.indexes.range', 'pandas.core.indexing', 'pandas._libs.indexing', 'pandas.core.internals', 'pandas.core.internals.blocks', 'pandas._libs.internals', 'pandas.core.internals.arrays', 'pandas.core.internals.managers', 'pandas.core.internals.concat', 'pandas.io.formats.format', 'pandas.io.common', 'csv', '_csv', 'gzip', 'mmap', 'zipfile', 'pandas.core.internals.construction', 'pandas.core.series', 'pandas._libs.reshape', 'pandas.core.indexes.accessors', 'pandas.plotting', 'pandas.plotting._core', 'pandas.plotting._matplotlib', 'pandas.plotting._matplotlib.boxplot', 'matplotlib', 'matplotlib.cbook', 'matplotlib.cbook.deprecation', 'matplotlib.rcsetup', 'matplotlib.fontconfig_pattern', 'pyparsing', 'matplotlib.colors', 'matplotlib._color_data', 'cycler', 'matplotlib._version', 'matplotlib.ft2font', 'kiwisolver']
2021-05-06 18:42:14- DEBUG   - __init__.py- wrapper- 276- CACHEDIR=C:\Users\Admin\.matplotlib
2021-05-06 18:42:14- DEBUG   - font_manager.py- <module>- 1360- Using fontManager instance from C:\Users\Admin\.matplotlib\fontlist-v310.json
2021-05-06 18:42:14- WARNING - _internal.py- _log- 113-  * Debugger is active!
2021-05-06 18:42:14- INFO    - _internal.py- _log- 113-  * Debugger PIN: 102-071-962
2021-05-06 18:42:14- INFO    - _internal.py- _log- 113-  * Running on http://192.168.43.227:5000/ (Press CTRL+C to quit)
2021-05-06 18:42:14- INFO    - views.py- before_request- 12- Request Method: GET
2021-05-06 18:42:14- INFO    - views.py- before_request- 13- Request Route: /
2021-05-06 18:42:14- INFO    - views.py- before_request- 14- Request Inputs: ImmutableMultiDict([])
2021-05-06 18:42:14- INFO    - views.py- before_request- 15- connecting to database...
2021-05-06 18:42:14- INFO    - models.py- __init__- 31- Servers: 
2021-05-06 18:42:14- INFO    - models.py- __init__- 32- Database: 
2021-05-06 18:42:14- DEBUG   - models.py- connect- 49- Making connection to ``...
2021-05-06 18:42:14- INFO    - models.py- connect- 53- Engine created for ``
2021-05-06 18:42:14- WARNING - models.py- connect- 60- Connection failed. Retrying... (1) [(pyodbc.InterfaceError) ('IM002', '[IM002] [Microsoft][ODBC Driver Manager] Data source name not found and no default driver specified (0) (SQLDriverConnect)')
(Background on this error at: http://sqlalche.me/e/rvf5)]
2021-05-06 18:42:14- WARNING - models.py- connect- 60- Connection failed. Retrying... (2) [(pyodbc.InterfaceError) ('IM002', '[IM002] [Microsoft][ODBC Driver Manager] Data source name not found and no default driver specified (0) (SQLDriverConnect)')
(Background on this error at: http://sqlalche.me/e/rvf5)]
2021-05-06 18:42:14- WARNING - models.py- connect- 60- Connection failed. Retrying... (3) [(pyodbc.InterfaceError) ('IM002', '[IM002] [Microsoft][ODBC Driver Manager] Data source name not found and no default driver specified (0) (SQLDriverConnect)')
(Background on this error at: http://sqlalche.me/e/rvf5)]
2021-05-06 18:42:14- WARNING - models.py- connect- 60- Connection failed. Retrying... (4) [(pyodbc.InterfaceError) ('IM002', '[IM002] [Microsoft][ODBC Driver Manager] Data source name not found and no default driver specified (0) (SQLDriverConnect)')
(Background on this error at: http://sqlalche.me/e/rvf5)]
2021-05-06 18:42:14- WARNING - models.py- connect- 60- Connection failed. Retrying... (5) [(pyodbc.InterfaceError) ('IM002', '[IM002] [Microsoft][ODBC Driver Manager] Data source name not found and no default driver specified (0) (SQLDriverConnect)')
(Background on this error at: http://sqlalche.me/e/rvf5)]
2021-05-06 18:42:14- ERROR   - views.py- after_request- 34- [2021-May-06 18:42] 192.168.43.227 GET http /? 200 OK
2021-05-06 18:42:14- INFO    - _internal.py- _log- 113- 192.168.43.227 - - [06/May/2021 18:42:38] "[35m[1mGET / HTTP/1.1[0m" 500 -
2021-05-06 18:42:14- INFO    - _internal.py- _log- 113- 192.168.43.227 - - [06/May/2021 18:42:38] "[37mGET /?__debugger__=yes&cmd=resource&f=style.css HTTP/1.1[0m" 200 -
2021-05-06 18:42:14- INFO    - _internal.py- _log- 113- 192.168.43.227 - - [06/May/2021 18:42:38] "[37mGET /?__debugger__=yes&cmd=resource&f=jquery.js HTTP/1.1[0m" 200 -
2021-05-06 18:42:14- INFO    - _internal.py- _log- 113- 192.168.43.227 - - [06/May/2021 18:42:38] "[37mGET /?__debugger__=yes&cmd=resource&f=debugger.js HTTP/1.1[0m" 200 -
2021-05-06 18:42:14- INFO    - _internal.py- _log- 113- 192.168.43.227 - - [06/May/2021 18:42:38] "[37mGET /?__debugger__=yes&cmd=resource&f=ubuntu.ttf HTTP/1.1[0m" 200 -
2021-05-06 18:42:14- INFO    - _internal.py- _log- 113- 192.168.43.227 - - [06/May/2021 18:42:38] "[37mGET /?__debugger__=yes&cmd=resource&f=console.png HTTP/1.1[0m" 200 -
2021-05-06 18:42:14- INFO    - _internal.py- _log- 113- 192.168.43.227 - - [06/May/2021 18:42:38] "[37mGET /?__debugger__=yes&cmd=resource&f=console.png HTTP/1.1[0m" 200 -
2021-05-06 18:42:14- INFO    - _internal.py- _log- 113-  * Detected change in 'C:\\Users\\Admin\\Desktop\\FB AD\\Project\\views.py', reloading
2021-05-06 18:42:12- INFO    - _internal.py- _log- 113-  * Restarting with stat
2021-05-06 18:43:03- DEBUG   - __init__.py- wrapper- 276- $HOME=C:\Users\Admin
2021-05-06 18:43:03- DEBUG   - __init__.py- wrapper- 276- CONFIGDIR=C:\Users\Admin\.matplotlib
2021-05-06 18:43:03- DEBUG   - __init__.py- wrapper- 276- matplotlib data path: C:\Users\Admin\AppData\Local\Programs\Python\Python37-32\lib\site-packages\matplotlib\mpl-data
2021-05-06 18:43:03- DEBUG   - __init__.py- rc_params_from_file- 1009- loaded rc file C:\Users\Admin\AppData\Local\Programs\Python\Python37-32\lib\site-packages\matplotlib\mpl-data\matplotlibrc
2021-05-06 18:43:03- DEBUG   - __init__.py- <module>- 1646- matplotlib version 3.1.1
2021-05-06 18:43:03- DEBUG   - __init__.py- <module>- 1647- interactive is False
2021-05-06 18:43:03- DEBUG   - __init__.py- <module>- 1648- platform is win32
2021-05-06 18:43:03- DEBUG   - __init__.py- <module>- 1649- loaded modules: ['sys', 'builtins', '_frozen_importlib', '_imp', '_thread', '_warnings', '_weakref', 'zipimport', '_frozen_importlib_external', '_io', 'marshal', 'nt', 'winreg', 'encodings', 'codecs', '_codecs', 'encodings.aliases', 'encodings.utf_8', '_signal', '__main__', 'encodings.latin_1', 'io', 'abc', '_abc', 'site', 'os', 'stat', '_stat', '_collections_abc', 'ntpath', 'genericpath', 'os.path', '_sitebuiltins', '_bootlocale', '_locale', 'encodings.cp1252', 'types', 'importlib', 'importlib._bootstrap', 'importlib._bootstrap_external', 'warnings', 'importlib.util', 'importlib.abc', 'importlib.machinery', 'contextlib', 'collections', 'operator', '_operator', 'keyword', 'heapq', '_heapq', 'itertools', 'reprlib', '_collections', 'functools', '_functools', 'mpl_toolkits', 'google', 'pywin32_bootstrap', 'zope', 'Project', 'flask', 'jinja2', 'jinja2.environment', 'weakref', '_weakrefset', 'jinja2.nodes', 'jinja2.utils', 're', 'enum', 'sre_compile', '_sre', 'sre_parse', 'sre_constants', 'copyreg', 'json', 'json.decoder', 'json.scanner', '_json', 'json.encoder', 'errno', 'threading', 'time', 'traceback', 'linecache', 'tokenize', 'token', 'jinja2._compat', 'pickle', 'struct', '_struct', '_compat_pickle', '_pickle', 'urllib', 'urllib.parse', 'markupsafe', 'string', '_string', 'markupsafe._compat', 'collections.abc', 'markupsafe._speedups', 'jinja2.defaults', 'jinja2.filters', 'math', 'random', 'hashlib', '_hashlib', '_blake2', '_sha3', 'bisect', '_bisect', '_random', 'jinja2.runtime', 'jinja2.exceptions', 'jinja2.tests', 'decimal', 'numbers', '_decimal', 'jinja2.lexer', 'unicodedata', 'jinja2.parser', 'jinja2.compiler', 'copy', 'jinja2.visitor', 'jinja2.optimizer', 'jinja2.idtracking', '__future__', 'jinja2.loaders', 'jinja2.bccache', 'tempfile', 'shutil', 'fnmatch', 'posixpath', 'zlib', 'bz2', '_compression', '_bz2', 'lzma', '_lzma', 'jinja2.asyncsupport', 'asyncio', 'asyncio.base_events', 'concurrent', 'concurrent.futures', 'concurrent.futures._base', 'logging', 'atexit', 'socket', '_socket', 'selectors', 'select', 'subprocess', 'signal', 'msvcrt', '_winapi', 'ssl', '_ssl', 'base64', 'binascii', 'asyncio.constants', 'asyncio.coroutines', 'inspect', 'dis', 'opcode', '_opcode', 'asyncio.base_futures', 'asyncio.format_helpers', 'asyncio.log', 'asyncio.events', 'contextvars', '_contextvars', 'asyncio.base_tasks', '_asyncio', 'asyncio.futures', 'asyncio.protocols', 'asyncio.sslproto', 'asyncio.transports', 'asyncio.tasks', 'asyncio.locks', 'asyncio.runners', 'asyncio.queues', 'asyncio.streams', 'asyncio.subprocess', 'asyncio.windows_events', '_overlapped', 'asyncio.base_subprocess', 'asyncio.proactor_events', 'asyncio.selector_events', 'asyncio.windows_utils', 'jinja2.asyncfilters', 'werkzeug', 'werkzeug.serving', 'datetime', '_datetime', 'werkzeug._compat', 'werkzeug._internal', 'werkzeug.exceptions', 'werkzeug.utils', 'pkgutil', 'html', 'html.entities', 'werkzeug.urls', 'socketserver', 'http', 'http.server', 'email', 'email.utils', 'email._parseaddr', 'calendar', 'locale', 'email.charset', 'email.base64mime', 'email.quoprimime', 'email.errors', 'email.encoders', 'quopri', 'http.client', 'email.parser', 'email.feedparser', 'email._policybase', 'email.header', 'email.message', 'uu', 'email._encoded_words', 'email.iterators', 'mimetypes', 'click', 'click.core', 'click.types', 'click._compat', 'click._winconsole', 'ctypes', '_ctypes', 'ctypes._endian', 'ctypes.wintypes', 'colorama', 'colorama.initialise', 'colorama.ansitowin32', 'colorama.ansi', 'colorama.winterm', 'colorama.win32', 'click.exceptions', 'click.utils', 'click.globals', 'click.termui', 'click.formatting', 'click.parser', 'click._unicodefun', 'click.decorators', 'werkzeug.test', 'werkzeug.datastructures', 'werkzeug.filesystem', 'werkzeug.http', 'urllib.request', 'urllib.error', 'urllib.response', 'nturl2path', 'werkzeug.wrappers', 'werkzeug.wrappers.accept', 'werkzeug.wrappers.auth', 'werkzeug.wrappers.base_request', 'werkzeug.formparser', 'werkzeug.wsgi', 'werkzeug.wrappers.base_response', 'werkzeug.wrappers.common_descriptors', 'werkzeug.wrappers.etag', 'werkzeug.wrappers.request', 'werkzeug.wrappers.cors', 'werkzeug.wrappers.user_agent', 'werkzeug.useragents', 'werkzeug.wrappers.response', 'http.cookiejar', 'flask.json', 'uuid', 'itsdangerous', 'itsdangerous._json', 'simplejson', 'simplejson.errors', 'simplejson.raw_json', 'simplejson.decoder', 'simplejson.compat', 'simplejson.scanner', 'simplejson._speedups', 'simplejson.encoder', 'itsdangerous.encoding', 'itsdangerous._compat', 'hmac', 'itsdangerous.exc', 'itsdangerous.jws', 'itsdangerous.serializer', 'itsdangerous.signer', 'itsdangerous.timed', 'itsdangerous.url_safe', 'flask._compat', 'flask.globals', 'werkzeug.local', 'dataclasses', 'flask.app', 'werkzeug.routing', 'ast', '_ast', 'difflib', 'pprint', 'flask.cli', 'platform', 'flask.helpers', 'flask.signals', 'dotenv', 'dotenv.compat', 'typing', 'typing.io', 'typing.re', 'dotenv.main', 'dotenv.parser', 'flask.config', 'flask.ctx', 'flask.logging', 'flask.sessions', 'flask.json.tag', 'flask.templating', 'flask.wrappers', 'werkzeug.wrappers.json', 'flask.blueprints', 'flask_cors', 'flask_cors.decorator', 'flask_cors.core', 'six', 'flask_cors.extension', 'flask_cors.version', 'Project.views', 'Project.logger', 'pytz', 'pytz.exceptions', 'pytz.lazy', 'pytz.tzinfo', 'pytz.tzfile', '_strptime', 'Project.models', 'pandas', 'numpy', 'numpy._globals', 'numpy.__config__', 'numpy.version', 'numpy._distributor_init', 'numpy.core', 'numpy.core.info', 'glob', 'numpy.core.multiarray', 'numpy.core.overrides', 'numpy.core._multiarray_umath', 'numpy.compat', 'numpy.compat._inspect', 'numpy.compat.py3k', 'pathlib', 'numpy.core.umath', 'numpy.core.numerictypes', 'numpy.core._string_helpers', 'numpy.core._type_aliases', 'numpy.core._dtype', 'numpy.core.numeric', 'numpy.core._internal', 'numpy.core.fromnumeric', 'numpy.core._methods', 'numpy.core.arrayprint', 'numpy.core.defchararray', 'numpy.core.records', 'numpy.core.memmap', 'numpy.core.function_base', 'numpy.core.machar', 'numpy.core.getlimits', 'numpy.core.shape_base', 'numpy.core.einsumfunc', 'numpy.core._add_newdocs', 'numpy.core._multiarray_tests', 'numpy.core._dtype_ctypes', 'numpy._pytesttester', 'numpy.lib', 'numpy.lib.info', 'numpy.lib.type_check', 'numpy.lib.ufunclike', 'numpy.lib.index_tricks', 'numpy.matrixlib', 'numpy.matrixlib.defmatrix', 'numpy.linalg', 'numpy.linalg.info', 'numpy.linalg.linalg', 'numpy.lib.twodim_base', 'numpy.linalg.lapack_lite', 'numpy.linalg._umath_linalg', 'numpy.lib.function_base', 'numpy.lib.utils', 'numpy.lib.histograms', 'numpy.lib.stride_tricks', 'numpy.lib.mixins', 'numpy.lib.nanfunctions', 'numpy.lib.shape_base', 'numpy.lib.scimath', 'numpy.lib.polynomial', 'numpy.lib.arraysetops', 'numpy.lib.npyio', 'numpy.lib.format', 'numpy.lib._datasource', 'numpy.lib._iotools', 'numpy.lib.financial', 'numpy.lib.arrayterator', 'numpy.lib.arraypad', 'numpy.lib._version', 'numpy.fft', 'numpy.fft.info', 'numpy.fft.fftpack', 'numpy.fft.fftpack_lite', 'numpy.fft.helper', 'numpy.polynomial', 'numpy.polynomial.polynomial', 'numpy.polynomial.polyutils', 'numpy.polynomial._polybase', 'numpy.polynomial.chebyshev', 'numpy.polynomial.legendre', 'numpy.polynomial.hermite', 'numpy.polynomial.hermite_e', 'numpy.polynomial.laguerre', 'numpy.random', 'numpy.random.mtrand', 'cython_runtime', 'mtrand', 'numpy.ctypeslib', 'numpy.ma', 'numpy.ma.core', 'textwrap', 'numpy.ma.extras', 'numpy.testing', 'unittest', 'unittest.result', 'unittest.util', 'unittest.case', 'unittest.suite', 'unittest.loader', 'unittest.main', 'argparse', 'gettext', 'unittest.runner', 'unittest.signals', 'numpy.testing._private', 'numpy.testing._private.utils', 'gc', 'numpy.testing._private.decorators', 'numpy.testing._private.nosetester', 'dateutil', 'dateutil._version', 'pandas.compat', 'pandas.compat.numpy', 'distutils', 'distutils.version', 'pandas._libs', 'pandas._libs.tslibs', 'pandas._libs.tslibs.conversion', 'pandas._libs.tslibs.c_timestamp', 'pandas._libs.tslibs.nattype', '_cython_0_29_12', 'pandas._libs.tslibs.np_datetime', 'pandas._libs.tslibs.timezones', 'dateutil.tz', 'dateutil.tz.tz', 'six.moves', 'dateutil.tz._common', 'dateutil.tz._factories', 'dateutil.tz.win', 'pandas._libs.tslibs.tzconversion', 'pandas._libs.tslibs.timedeltas', 'pandas._libs.tslibs.offsets', 'pandas._libs.tslibs.ccalendar', 'pandas._config', 'pandas._config.config', 'pandas._config.dates', 'pandas._config.display', 'pandas._config.localization', 'pandas._libs.tslibs.strptime', 'dateutil.relativedelta', 'dateutil._common', 'pandas._libs.tslibs.fields', 'pandas._libs.tslibs.parsing', 'dateutil.parser', 'dateutil.parser._parser', 'dateutil.parser.isoparser', 'pandas._libs.tslibs.period', 'pandas._libs.tslibs.frequencies', 'pandas._libs.tslibs.timestamps', 'pandas._libs.tslibs.resolution', 'pandas._libs.hashtable', 'pandas._libs.missing', 'pandas._libs.lib', 'fractions', 'pandas._libs.tslib', 'pandas.core', 'pandas.core.config_init', 'pandas.core.api', 'pandas.core.arrays', 'pandas.core.arrays.array_', 'pandas.core.dtypes', 'pandas.core.dtypes.common', 'pandas._libs.algos', 'pandas.core.dtypes.dtypes', 'pandas._libs.interval', 'pandas.core.dtypes.generic', 'pandas.core.dtypes.base', 'pandas.errors', 'pandas.core.dtypes.inference', 'pandas._typing', 'pandas.core.arrays.base', 'pandas.compat.numpy.function', 'pandas.util', 'pandas.util._decorators', 'pandas._libs.properties', 'pandas.core.util', 'pandas.core.util.hashing', 'pandas._libs.hashing', 'pandas.core.dtypes.cast', 'pandas.core.dtypes.missing', 'pandas.util._validators', 'pandas.core.ops', 'pandas._libs.ops', 'pandas.core.common', 'pandas.core.ops.missing', 'pandas.core.ops.roperator', 'pandas.core.ops.docstrings', 'pandas.core.sorting', 'pandas.core.algorithms', 'pandas.core.indexers', 'pandas.core.arrays.categorical', 'pandas.core.accessor', 'pandas.core.base', 'pandas.core.nanops', 'pandas.compat._optional', 'pandas.core.missing', 'pandas.io', 'pandas.io.formats', 'pandas.io.formats.console', 'pandas.core.arrays.datetimes', 'pandas.core.arrays.datetimelike', 'pandas.tseries', 'pandas.tseries.frequencies', 'pandas.tseries.offsets', 'dateutil.easter', 'pandas.core.tools', 'pandas.core.tools.datetimes', 'pandas.core.arrays._ranges', 'pandas.core.arrays.integer', 'pandas.core.tools.numeric', 'pandas.core.arrays.interval', 'pandas.core.indexes', 'pandas.core.indexes.base', 'pandas._libs.index', 'pandas._libs.join', 'pandas.core.dtypes.concat', 'pandas.core.indexes.frozen', 'pandas.io.formats.printing', 'pandas.core.strings', 'pandas.core.arrays.numpy_', 'pandas.core.arrays.period', 'pandas.core.arrays.sparse', 'pandas._libs.sparse', 'pandas.core.arrays.timedeltas', 'pandas.core.groupby', 'pandas.core.groupby.generic', 'pandas.core.frame', 'pandas.core.generic', 'pandas.core.index', 'pandas.core.indexes.api', 'pandas.core.indexes.category', 'pandas.core.indexes.datetimes', 'pandas.core.indexes.datetimelike', 'pandas.core.tools.timedeltas', 'pandas.core.indexes.numeric', 'pandas.core.indexes.interval', 'pandas.util._exceptions', 'pandas.core.indexes.multi', 'pandas.core.indexes.timedeltas', 'pandas.core.indexes.period', 'pandas.core.indexes.range', 'pandas.core.indexing', 'pandas._libs.indexing', 'pandas.core.internals', 'pandas.core.internals.blocks', 'pandas._libs.internals', 'pandas.core.internals.arrays', 'pandas.core.internals.managers', 'pandas.core.internals.concat', 'pandas.io.formats.format', 'pandas.io.common', 'csv', '_csv', 'gzip', 'mmap', 'zipfile', 'pandas.core.internals.construction', 'pandas.core.series', 'pandas._libs.reshape', 'pandas.core.indexes.accessors', 'pandas.plotting', 'pandas.plotting._core', 'pandas.plotting._matplotlib', 'pandas.plotting._matplotlib.boxplot', 'matplotlib', 'matplotlib.cbook', 'matplotlib.cbook.deprecation', 'matplotlib.rcsetup', 'matplotlib.fontconfig_pattern', 'pyparsing', 'matplotlib.colors', 'matplotlib._color_data', 'cycler', 'matplotlib._version', 'matplotlib.ft2font', 'kiwisolver']
2021-05-06 18:43:03- DEBUG   - __init__.py- wrapper- 276- CACHEDIR=C:\Users\Admin\.matplotlib
2021-05-06 18:43:03- DEBUG   - font_manager.py- <module>- 1360- Using fontManager instance from C:\Users\Admin\.matplotlib\fontlist-v310.json
2021-05-06 18:43:03- WARNING - _internal.py- _log- 113-  * Debugger is active!
2021-05-06 18:43:03- INFO    - _internal.py- _log- 113-  * Debugger PIN: 102-071-962
2021-05-06 18:43:03- INFO    - _internal.py- _log- 113-  * Running on http://192.168.43.227:5000/ (Press CTRL+C to quit)
2021-05-06 18:43:03- INFO    - _internal.py- _log- 113-  * Detected change in 'C:\\Users\\Admin\\Desktop\\FB AD\\Project\\models.py', reloading
2021-05-06 18:42:12- INFO    - _internal.py- _log- 113-  * Restarting with stat
2021-05-06 18:43:22- DEBUG   - __init__.py- wrapper- 276- $HOME=C:\Users\Admin
2021-05-06 18:43:22- DEBUG   - __init__.py- wrapper- 276- CONFIGDIR=C:\Users\Admin\.matplotlib
2021-05-06 18:43:22- DEBUG   - __init__.py- wrapper- 276- matplotlib data path: C:\Users\Admin\AppData\Local\Programs\Python\Python37-32\lib\site-packages\matplotlib\mpl-data
2021-05-06 18:43:22- DEBUG   - __init__.py- rc_params_from_file- 1009- loaded rc file C:\Users\Admin\AppData\Local\Programs\Python\Python37-32\lib\site-packages\matplotlib\mpl-data\matplotlibrc
2021-05-06 18:43:22- DEBUG   - __init__.py- <module>- 1646- matplotlib version 3.1.1
2021-05-06 18:43:22- DEBUG   - __init__.py- <module>- 1647- interactive is False
2021-05-06 18:43:22- DEBUG   - __init__.py- <module>- 1648- platform is win32
2021-05-06 18:43:22- DEBUG   - __init__.py- <module>- 1649- loaded modules: ['sys', 'builtins', '_frozen_importlib', '_imp', '_thread', '_warnings', '_weakref', 'zipimport', '_frozen_importlib_external', '_io', 'marshal', 'nt', 'winreg', 'encodings', 'codecs', '_codecs', 'encodings.aliases', 'encodings.utf_8', '_signal', '__main__', 'encodings.latin_1', 'io', 'abc', '_abc', 'site', 'os', 'stat', '_stat', '_collections_abc', 'ntpath', 'genericpath', 'os.path', '_sitebuiltins', '_bootlocale', '_locale', 'encodings.cp1252', 'types', 'importlib', 'importlib._bootstrap', 'importlib._bootstrap_external', 'warnings', 'importlib.util', 'importlib.abc', 'importlib.machinery', 'contextlib', 'collections', 'operator', '_operator', 'keyword', 'heapq', '_heapq', 'itertools', 'reprlib', '_collections', 'functools', '_functools', 'mpl_toolkits', 'google', 'pywin32_bootstrap', 'zope', 'Project', 'flask', 'jinja2', 'jinja2.environment', 'weakref', '_weakrefset', 'jinja2.nodes', 'jinja2.utils', 're', 'enum', 'sre_compile', '_sre', 'sre_parse', 'sre_constants', 'copyreg', 'json', 'json.decoder', 'json.scanner', '_json', 'json.encoder', 'errno', 'threading', 'time', 'traceback', 'linecache', 'tokenize', 'token', 'jinja2._compat', 'pickle', 'struct', '_struct', '_compat_pickle', '_pickle', 'urllib', 'urllib.parse', 'markupsafe', 'string', '_string', 'markupsafe._compat', 'collections.abc', 'markupsafe._speedups', 'jinja2.defaults', 'jinja2.filters', 'math', 'random', 'hashlib', '_hashlib', '_blake2', '_sha3', 'bisect', '_bisect', '_random', 'jinja2.runtime', 'jinja2.exceptions', 'jinja2.tests', 'decimal', 'numbers', '_decimal', 'jinja2.lexer', 'unicodedata', 'jinja2.parser', 'jinja2.compiler', 'copy', 'jinja2.visitor', 'jinja2.optimizer', 'jinja2.idtracking', '__future__', 'jinja2.loaders', 'jinja2.bccache', 'tempfile', 'shutil', 'fnmatch', 'posixpath', 'zlib', 'bz2', '_compression', '_bz2', 'lzma', '_lzma', 'jinja2.asyncsupport', 'asyncio', 'asyncio.base_events', 'concurrent', 'concurrent.futures', 'concurrent.futures._base', 'logging', 'atexit', 'socket', '_socket', 'selectors', 'select', 'subprocess', 'signal', 'msvcrt', '_winapi', 'ssl', '_ssl', 'base64', 'binascii', 'asyncio.constants', 'asyncio.coroutines', 'inspect', 'dis', 'opcode', '_opcode', 'asyncio.base_futures', 'asyncio.format_helpers', 'asyncio.log', 'asyncio.events', 'contextvars', '_contextvars', 'asyncio.base_tasks', '_asyncio', 'asyncio.futures', 'asyncio.protocols', 'asyncio.sslproto', 'asyncio.transports', 'asyncio.tasks', 'asyncio.locks', 'asyncio.runners', 'asyncio.queues', 'asyncio.streams', 'asyncio.subprocess', 'asyncio.windows_events', '_overlapped', 'asyncio.base_subprocess', 'asyncio.proactor_events', 'asyncio.selector_events', 'asyncio.windows_utils', 'jinja2.asyncfilters', 'werkzeug', 'werkzeug.serving', 'datetime', '_datetime', 'werkzeug._compat', 'werkzeug._internal', 'werkzeug.exceptions', 'werkzeug.utils', 'pkgutil', 'html', 'html.entities', 'werkzeug.urls', 'socketserver', 'http', 'http.server', 'email', 'email.utils', 'email._parseaddr', 'calendar', 'locale', 'email.charset', 'email.base64mime', 'email.quoprimime', 'email.errors', 'email.encoders', 'quopri', 'http.client', 'email.parser', 'email.feedparser', 'email._policybase', 'email.header', 'email.message', 'uu', 'email._encoded_words', 'email.iterators', 'mimetypes', 'click', 'click.core', 'click.types', 'click._compat', 'click._winconsole', 'ctypes', '_ctypes', 'ctypes._endian', 'ctypes.wintypes', 'colorama', 'colorama.initialise', 'colorama.ansitowin32', 'colorama.ansi', 'colorama.winterm', 'colorama.win32', 'click.exceptions', 'click.utils', 'click.globals', 'click.termui', 'click.formatting', 'click.parser', 'click._unicodefun', 'click.decorators', 'werkzeug.test', 'werkzeug.datastructures', 'werkzeug.filesystem', 'werkzeug.http', 'urllib.request', 'urllib.error', 'urllib.response', 'nturl2path', 'werkzeug.wrappers', 'werkzeug.wrappers.accept', 'werkzeug.wrappers.auth', 'werkzeug.wrappers.base_request', 'werkzeug.formparser', 'werkzeug.wsgi', 'werkzeug.wrappers.base_response', 'werkzeug.wrappers.common_descriptors', 'werkzeug.wrappers.etag', 'werkzeug.wrappers.request', 'werkzeug.wrappers.cors', 'werkzeug.wrappers.user_agent', 'werkzeug.useragents', 'werkzeug.wrappers.response', 'http.cookiejar', 'flask.json', 'uuid', 'itsdangerous', 'itsdangerous._json', 'simplejson', 'simplejson.errors', 'simplejson.raw_json', 'simplejson.decoder', 'simplejson.compat', 'simplejson.scanner', 'simplejson._speedups', 'simplejson.encoder', 'itsdangerous.encoding', 'itsdangerous._compat', 'hmac', 'itsdangerous.exc', 'itsdangerous.jws', 'itsdangerous.serializer', 'itsdangerous.signer', 'itsdangerous.timed', 'itsdangerous.url_safe', 'flask._compat', 'flask.globals', 'werkzeug.local', 'dataclasses', 'flask.app', 'werkzeug.routing', 'ast', '_ast', 'difflib', 'pprint', 'flask.cli', 'platform', 'flask.helpers', 'flask.signals', 'dotenv', 'dotenv.compat', 'typing', 'typing.io', 'typing.re', 'dotenv.main', 'dotenv.parser', 'flask.config', 'flask.ctx', 'flask.logging', 'flask.sessions', 'flask.json.tag', 'flask.templating', 'flask.wrappers', 'werkzeug.wrappers.json', 'flask.blueprints', 'flask_cors', 'flask_cors.decorator', 'flask_cors.core', 'six', 'flask_cors.extension', 'flask_cors.version', 'Project.views', 'Project.logger', 'pytz', 'pytz.exceptions', 'pytz.lazy', 'pytz.tzinfo', 'pytz.tzfile', '_strptime', 'Project.models', 'pandas', 'numpy', 'numpy._globals', 'numpy.__config__', 'numpy.version', 'numpy._distributor_init', 'numpy.core', 'numpy.core.info', 'glob', 'numpy.core.multiarray', 'numpy.core.overrides', 'numpy.core._multiarray_umath', 'numpy.compat', 'numpy.compat._inspect', 'numpy.compat.py3k', 'pathlib', 'numpy.core.umath', 'numpy.core.numerictypes', 'numpy.core._string_helpers', 'numpy.core._type_aliases', 'numpy.core._dtype', 'numpy.core.numeric', 'numpy.core._internal', 'numpy.core.fromnumeric', 'numpy.core._methods', 'numpy.core.arrayprint', 'numpy.core.defchararray', 'numpy.core.records', 'numpy.core.memmap', 'numpy.core.function_base', 'numpy.core.machar', 'numpy.core.getlimits', 'numpy.core.shape_base', 'numpy.core.einsumfunc', 'numpy.core._add_newdocs', 'numpy.core._multiarray_tests', 'numpy.core._dtype_ctypes', 'numpy._pytesttester', 'numpy.lib', 'numpy.lib.info', 'numpy.lib.type_check', 'numpy.lib.ufunclike', 'numpy.lib.index_tricks', 'numpy.matrixlib', 'numpy.matrixlib.defmatrix', 'numpy.linalg', 'numpy.linalg.info', 'numpy.linalg.linalg', 'numpy.lib.twodim_base', 'numpy.linalg.lapack_lite', 'numpy.linalg._umath_linalg', 'numpy.lib.function_base', 'numpy.lib.utils', 'numpy.lib.histograms', 'numpy.lib.stride_tricks', 'numpy.lib.mixins', 'numpy.lib.nanfunctions', 'numpy.lib.shape_base', 'numpy.lib.scimath', 'numpy.lib.polynomial', 'numpy.lib.arraysetops', 'numpy.lib.npyio', 'numpy.lib.format', 'numpy.lib._datasource', 'numpy.lib._iotools', 'numpy.lib.financial', 'numpy.lib.arrayterator', 'numpy.lib.arraypad', 'numpy.lib._version', 'numpy.fft', 'numpy.fft.info', 'numpy.fft.fftpack', 'numpy.fft.fftpack_lite', 'numpy.fft.helper', 'numpy.polynomial', 'numpy.polynomial.polynomial', 'numpy.polynomial.polyutils', 'numpy.polynomial._polybase', 'numpy.polynomial.chebyshev', 'numpy.polynomial.legendre', 'numpy.polynomial.hermite', 'numpy.polynomial.hermite_e', 'numpy.polynomial.laguerre', 'numpy.random', 'numpy.random.mtrand', 'cython_runtime', 'mtrand', 'numpy.ctypeslib', 'numpy.ma', 'numpy.ma.core', 'textwrap', 'numpy.ma.extras', 'numpy.testing', 'unittest', 'unittest.result', 'unittest.util', 'unittest.case', 'unittest.suite', 'unittest.loader', 'unittest.main', 'argparse', 'gettext', 'unittest.runner', 'unittest.signals', 'numpy.testing._private', 'numpy.testing._private.utils', 'gc', 'numpy.testing._private.decorators', 'numpy.testing._private.nosetester', 'dateutil', 'dateutil._version', 'pandas.compat', 'pandas.compat.numpy', 'distutils', 'distutils.version', 'pandas._libs', 'pandas._libs.tslibs', 'pandas._libs.tslibs.conversion', 'pandas._libs.tslibs.c_timestamp', 'pandas._libs.tslibs.nattype', '_cython_0_29_12', 'pandas._libs.tslibs.np_datetime', 'pandas._libs.tslibs.timezones', 'dateutil.tz', 'dateutil.tz.tz', 'six.moves', 'dateutil.tz._common', 'dateutil.tz._factories', 'dateutil.tz.win', 'pandas._libs.tslibs.tzconversion', 'pandas._libs.tslibs.timedeltas', 'pandas._libs.tslibs.offsets', 'pandas._libs.tslibs.ccalendar', 'pandas._config', 'pandas._config.config', 'pandas._config.dates', 'pandas._config.display', 'pandas._config.localization', 'pandas._libs.tslibs.strptime', 'dateutil.relativedelta', 'dateutil._common', 'pandas._libs.tslibs.fields', 'pandas._libs.tslibs.parsing', 'dateutil.parser', 'dateutil.parser._parser', 'dateutil.parser.isoparser', 'pandas._libs.tslibs.period', 'pandas._libs.tslibs.frequencies', 'pandas._libs.tslibs.timestamps', 'pandas._libs.tslibs.resolution', 'pandas._libs.hashtable', 'pandas._libs.missing', 'pandas._libs.lib', 'fractions', 'pandas._libs.tslib', 'pandas.core', 'pandas.core.config_init', 'pandas.core.api', 'pandas.core.arrays', 'pandas.core.arrays.array_', 'pandas.core.dtypes', 'pandas.core.dtypes.common', 'pandas._libs.algos', 'pandas.core.dtypes.dtypes', 'pandas._libs.interval', 'pandas.core.dtypes.generic', 'pandas.core.dtypes.base', 'pandas.errors', 'pandas.core.dtypes.inference', 'pandas._typing', 'pandas.core.arrays.base', 'pandas.compat.numpy.function', 'pandas.util', 'pandas.util._decorators', 'pandas._libs.properties', 'pandas.core.util', 'pandas.core.util.hashing', 'pandas._libs.hashing', 'pandas.core.dtypes.cast', 'pandas.core.dtypes.missing', 'pandas.util._validators', 'pandas.core.ops', 'pandas._libs.ops', 'pandas.core.common', 'pandas.core.ops.missing', 'pandas.core.ops.roperator', 'pandas.core.ops.docstrings', 'pandas.core.sorting', 'pandas.core.algorithms', 'pandas.core.indexers', 'pandas.core.arrays.categorical', 'pandas.core.accessor', 'pandas.core.base', 'pandas.core.nanops', 'pandas.compat._optional', 'pandas.core.missing', 'pandas.io', 'pandas.io.formats', 'pandas.io.formats.console', 'pandas.core.arrays.datetimes', 'pandas.core.arrays.datetimelike', 'pandas.tseries', 'pandas.tseries.frequencies', 'pandas.tseries.offsets', 'dateutil.easter', 'pandas.core.tools', 'pandas.core.tools.datetimes', 'pandas.core.arrays._ranges', 'pandas.core.arrays.integer', 'pandas.core.tools.numeric', 'pandas.core.arrays.interval', 'pandas.core.indexes', 'pandas.core.indexes.base', 'pandas._libs.index', 'pandas._libs.join', 'pandas.core.dtypes.concat', 'pandas.core.indexes.frozen', 'pandas.io.formats.printing', 'pandas.core.strings', 'pandas.core.arrays.numpy_', 'pandas.core.arrays.period', 'pandas.core.arrays.sparse', 'pandas._libs.sparse', 'pandas.core.arrays.timedeltas', 'pandas.core.groupby', 'pandas.core.groupby.generic', 'pandas.core.frame', 'pandas.core.generic', 'pandas.core.index', 'pandas.core.indexes.api', 'pandas.core.indexes.category', 'pandas.core.indexes.datetimes', 'pandas.core.indexes.datetimelike', 'pandas.core.tools.timedeltas', 'pandas.core.indexes.numeric', 'pandas.core.indexes.interval', 'pandas.util._exceptions', 'pandas.core.indexes.multi', 'pandas.core.indexes.timedeltas', 'pandas.core.indexes.period', 'pandas.core.indexes.range', 'pandas.core.indexing', 'pandas._libs.indexing', 'pandas.core.internals', 'pandas.core.internals.blocks', 'pandas._libs.internals', 'pandas.core.internals.arrays', 'pandas.core.internals.managers', 'pandas.core.internals.concat', 'pandas.io.formats.format', 'pandas.io.common', 'csv', '_csv', 'gzip', 'mmap', 'zipfile', 'pandas.core.internals.construction', 'pandas.core.series', 'pandas._libs.reshape', 'pandas.core.indexes.accessors', 'pandas.plotting', 'pandas.plotting._core', 'pandas.plotting._matplotlib', 'pandas.plotting._matplotlib.boxplot', 'matplotlib', 'matplotlib.cbook', 'matplotlib.cbook.deprecation', 'matplotlib.rcsetup', 'matplotlib.fontconfig_pattern', 'pyparsing', 'matplotlib.colors', 'matplotlib._color_data', 'cycler', 'matplotlib._version', 'matplotlib.ft2font', 'kiwisolver']
2021-05-06 18:43:22- DEBUG   - __init__.py- wrapper- 276- CACHEDIR=C:\Users\Admin\.matplotlib
2021-05-06 18:43:22- DEBUG   - font_manager.py- <module>- 1360- Using fontManager instance from C:\Users\Admin\.matplotlib\fontlist-v310.json
2021-05-06 18:43:22- WARNING - _internal.py- _log- 113-  * Debugger is active!
2021-05-06 18:43:22- INFO    - _internal.py- _log- 113-  * Debugger PIN: 102-071-962
2021-05-06 18:43:22- INFO    - _internal.py- _log- 113-  * Running on http://192.168.43.227:5000/ (Press CTRL+C to quit)
2021-05-06 18:43:22- INFO    - _internal.py- _log- 113-  * Detected change in 'C:\\Users\\Admin\\Desktop\\FB AD\\Project\\models.py', reloading
2021-05-06 18:42:12- INFO    - _internal.py- _log- 113-  * Restarting with stat
2021-05-06 18:42:12- INFO    - _internal.py- _log- 113-  * Restarting with stat
2021-05-06 18:42:12- INFO    - _internal.py- _log- 113-  * Restarting with stat
2021-05-06 18:42:12- INFO    - _internal.py- _log- 113-  * Restarting with stat
2021-05-06 18:42:12- INFO    - _internal.py- _log- 113-  * Restarting with stat
